[12:00:09:522] [ERROR] - org.springframework.boot.diagnostics.LoggingFailureAnalysisReporter.report(LoggingFailureAnalysisReporter.java:40) - 

***************************
APPLICATION FAILED TO START
***************************

Description:

Web server failed to start. Port 8081 was already in use.

Action:

Identify and stop the process that's listening on port 8081 or configure this application to listen on another port.

[12:02:23:483] [ERROR] - org.springframework.boot.diagnostics.LoggingFailureAnalysisReporter.report(LoggingFailureAnalysisReporter.java:40) - 

***************************
APPLICATION FAILED TO START
***************************

Description:

Web server failed to start. Port 8081 was already in use.

Action:

Identify and stop the process that's listening on port 8081 or configure this application to listen on another port.

[12:06:47:501] [ERROR] - org.springframework.boot.diagnostics.LoggingFailureAnalysisReporter.report(LoggingFailureAnalysisReporter.java:40) - 

***************************
APPLICATION FAILED TO START
***************************

Description:

Web server failed to start. Port 8081 was already in use.

Action:

Identify and stop the process that's listening on port 8081 or configure this application to listen on another port.

[12:55:32:452] [ERROR] - org.springframework.boot.diagnostics.LoggingFailureAnalysisReporter.report(LoggingFailureAnalysisReporter.java:40) - 

***************************
APPLICATION FAILED TO START
***************************

Description:

Web server failed to start. Port 8081 was already in use.

Action:

Identify and stop the process that's listening on port 8081 or configure this application to listen on another port.

[12:56:44:762] [ERROR] - org.springframework.boot.diagnostics.LoggingFailureAnalysisReporter.report(LoggingFailureAnalysisReporter.java:40) - 

***************************
APPLICATION FAILED TO START
***************************

Description:

Web server failed to start. Port 8081 was already in use.

Action:

Identify and stop the process that's listening on port 8081 or configure this application to listen on another port.

[14:15:46:307] [ERROR] - com.hmdp.controller.ShopController.queryShopById(ShopController.java:43) - 查找店铺id：Result(success=true, errorMsg=null, data=Shop(id=2, name=蔡馬洪涛烤肉·老北京铜锅涮羊肉, typeId=1, images=https://p0.meituan.net/bbia/c1870d570e73accbc9fee90b48faca41195272.jpg,http://p0.meituan.net/mogu/397e40c28fc87715b3d5435710a9f88d706914.jpg,https://qcloud.dpfile.com/pc/MZTdRDqCZdbPDUO0Hk6lZENRKzpKRF7kavrkEI99OxqBZTzPfIxa5E33gBfGouhFuzFvxlbkWx5uwqY2qcjixFEuLYk00OmSS1IdNpm8K8sG4JN9RIm2mTKcbLtc2o2vmIU_8ZGOT1OjpJmLxG6urQ.jpg, area=拱宸桥/上塘, address=上塘路1035号（中国工商银行旁）, x=120.151505, y=30.333422, avgPrice=85, sold=2160, comments=1460, score=46, openHours=11:30-03:00, createTime=2021-12-22T19:00:13, updateTime=2022-01-11T16:12:26, distance=null), total=null)
[14:15:47:795] [ERROR] - com.hmdp.controller.ShopController.queryShopById(ShopController.java:43) - 查找店铺id：Result(success=false, errorMsg=店铺不存在!, data=null, total=null)
[14:15:48:694] [ERROR] - com.hmdp.controller.ShopController.queryShopById(ShopController.java:43) - 查找店铺id：Result(success=true, errorMsg=null, data=Shop(id=3, name=新白鹿餐厅(运河上街店), typeId=1, images=https://p0.meituan.net/biztone/694233_1619500156517.jpeg,https://img.meituan.net/msmerchant/876ca8983f7395556eda9ceb064e6bc51840883.png,https://img.meituan.net/msmerchant/86a76ed53c28eff709a36099aefe28b51554088.png, area=运河上街, address=台州路2号运河上街购物中心F5, x=120.151954, y=30.32497, avgPrice=61, sold=12035, comments=8045, score=47, openHours=10:30-21:00, createTime=2021-12-22T19:10:05, updateTime=2022-01-11T16:12:42, distance=null), total=null)
